04-03-2022, 11:19:32	WARNING- Open Home page
04-03-2022, 11:19:32	INFO- 127.0.0.1 - - [04/Mar/2022 11:19:32] "GET / HTTP/1.1" 200 -
04-03-2022, 11:19:33	INFO- 127.0.0.1 - - [04/Mar/2022 11:19:33] "[33mGET /favicon.ico HTTP/1.1[0m" 404 -
04-03-2022, 12:01:56	WARNING- Open Home page
04-03-2022, 12:01:56	INFO- 127.0.0.1 - - [04/Mar/2022 12:01:56] "GET / HTTP/1.1" 200 -
04-03-2022, 12:06:04	WARNING- Open Home page
04-03-2022, 12:06:04	INFO- 127.0.0.1 - - [04/Mar/2022 12:06:04] "GET / HTTP/1.1" 200 -
04-03-2022, 12:06:29	WARNING- Predict func called
04-03-2022, 12:06:29	INFO- 127.0.0.1 - - [04/Mar/2022 12:06:29] "[35m[1mPOST /predict HTTP/1.1[0m" 500 -
04-03-2022, 12:06:29	INFO- 127.0.0.1 - - [04/Mar/2022 12:06:29] "GET /predict?__debugger__=yes&cmd=resource&f=style.css HTTP/1.1" 200 -
04-03-2022, 12:06:29	INFO- 127.0.0.1 - - [04/Mar/2022 12:06:29] "GET /predict?__debugger__=yes&cmd=resource&f=debugger.js HTTP/1.1" 200 -
04-03-2022, 12:06:29	INFO- 127.0.0.1 - - [04/Mar/2022 12:06:29] "GET /predict?__debugger__=yes&cmd=resource&f=console.png HTTP/1.1" 200 -
04-03-2022, 12:06:29	INFO- 127.0.0.1 - - [04/Mar/2022 12:06:29] "GET /predict?__debugger__=yes&cmd=resource&f=ubuntu.ttf HTTP/1.1" 200 -
04-03-2022, 12:06:29	INFO- 127.0.0.1 - - [04/Mar/2022 12:06:29] "GET /predict?__debugger__=yes&cmd=resource&f=console.png HTTP/1.1" 200 -
04-03-2022, 12:06:58	INFO-  * Detected change in 'C:\\Users\\DELL\\Desktop\\StoreSalesPred\\store_sales_prediction\\app.py', reloading
04-03-2022, 12:07:02	WARNING- Predict func called
04-03-2022, 12:07:02	INFO- 127.0.0.1 - - [04/Mar/2022 12:07:02] "[35m[1mPOST /predict HTTP/1.1[0m" 500 -
04-03-2022, 12:07:02	INFO- 127.0.0.1 - - [04/Mar/2022 12:07:02] "GET /predict?__debugger__=yes&cmd=resource&f=style.css HTTP/1.1" 200 -
04-03-2022, 12:07:02	INFO- 127.0.0.1 - - [04/Mar/2022 12:07:02] "GET /predict?__debugger__=yes&cmd=resource&f=debugger.js HTTP/1.1" 200 -
04-03-2022, 12:07:02	INFO- 127.0.0.1 - - [04/Mar/2022 12:07:02] "GET /predict?__debugger__=yes&cmd=resource&f=console.png HTTP/1.1" 200 -
04-03-2022, 12:07:02	INFO- 127.0.0.1 - - [04/Mar/2022 12:07:02] "GET /predict?__debugger__=yes&cmd=resource&f=ubuntu.ttf HTTP/1.1" 200 -
04-03-2022, 12:07:42	INFO-  * Detected change in 'C:\\Users\\DELL\\Desktop\\StoreSalesPred\\store_sales_prediction\\app.py', reloading
04-03-2022, 12:07:44	WARNING- Predict func called
04-03-2022, 12:07:44	INFO- 127.0.0.1 - - [04/Mar/2022 12:07:44] "POST /predict HTTP/1.1" 200 -
04-03-2022, 12:13:29	INFO-  * Detected change in 'C:\\Users\\DELL\\Desktop\\StoreSalesPred\\store_sales_prediction\\Encoding.py', reloading
04-03-2022, 12:14:24	WARNING- Predict func called
04-03-2022, 12:14:24	WARNING- Got values from user
04-03-2022, 12:14:24	ERROR-  There is some error!!
04-03-2022, 12:14:24	INFO- 127.0.0.1 - - [04/Mar/2022 12:14:24] "POST /predict HTTP/1.1" 200 -
04-03-2022, 12:15:51	INFO-  * Detected change in 'C:\\Users\\DELL\\Desktop\\StoreSalesPred\\store_sales_prediction\\Encoding.py', reloading
04-03-2022, 12:15:54	WARNING- Predict func called
04-03-2022, 12:15:54	WARNING- Got values from user
04-03-2022, 12:15:54	ERROR-  There is some error!!
04-03-2022, 12:15:54	INFO- 127.0.0.1 - - [04/Mar/2022 12:15:54] "POST /predict HTTP/1.1" 200 -
04-03-2022, 12:17:14	INFO-  * Detected change in 'C:\\Users\\DELL\\Desktop\\StoreSalesPred\\store_sales_prediction\\Encoding.py', reloading
04-03-2022, 12:17:32	WARNING- Predict func called
04-03-2022, 12:17:32	WARNING- Got values from user
04-03-2022, 12:17:32	ERROR-  There is some error!!
04-03-2022, 12:17:32	INFO- 127.0.0.1 - - [04/Mar/2022 12:17:32] "POST /predict HTTP/1.1" 200 -
04-03-2022, 12:18:49	INFO-  * Detected change in 'C:\\Users\\DELL\\Desktop\\StoreSalesPred\\store_sales_prediction\\Encoding.py', reloading
04-03-2022, 12:18:54	WARNING- Predict func called
04-03-2022, 12:18:54	WARNING- Got values from user
04-03-2022, 12:18:54	ERROR-  There is some error!!
04-03-2022, 12:18:54	INFO- 127.0.0.1 - - [04/Mar/2022 12:18:54] "POST /predict HTTP/1.1" 200 -
04-03-2022, 12:19:14	INFO-  * Detected change in 'C:\\Users\\DELL\\Desktop\\StoreSalesPred\\store_sales_prediction\\Encoding.py', reloading
04-03-2022, 12:20:02	WARNING- Predict func called
04-03-2022, 12:20:02	WARNING- Got values from user
04-03-2022, 12:20:02	ERROR-  There is some error!!
04-03-2022, 12:20:02	INFO- 127.0.0.1 - - [04/Mar/2022 12:20:02] "POST /predict HTTP/1.1" 200 -
04-03-2022, 12:21:02	WARNING- Open Home page
04-03-2022, 12:21:02	INFO- 127.0.0.1 - - [04/Mar/2022 12:21:02] "GET / HTTP/1.1" 200 -
04-03-2022, 12:21:33	WARNING- Predict func called
04-03-2022, 12:21:33	WARNING- Got values from user
04-03-2022, 12:21:33	ERROR-  There is some error!!
04-03-2022, 12:21:33	INFO- 127.0.0.1 - - [04/Mar/2022 12:21:33] "POST /predict HTTP/1.1" 200 -
04-03-2022, 12:24:28	INFO-  * Detected change in 'C:\\Users\\DELL\\Desktop\\StoreSalesPred\\store_sales_prediction\\Encoding.py', reloading
04-03-2022, 12:24:42	WARNING- Predict func called
04-03-2022, 12:24:42	WARNING- Got values from user
04-03-2022, 12:24:42	ERROR-  There is some error!!
04-03-2022, 12:24:42	INFO- 127.0.0.1 - - [04/Mar/2022 12:24:42] "POST /predict HTTP/1.1" 200 -
04-03-2022, 12:24:45	WARNING- Open Home page
04-03-2022, 12:24:45	INFO- 127.0.0.1 - - [04/Mar/2022 12:24:45] "GET / HTTP/1.1" 200 -
04-03-2022, 12:26:22	INFO-  * Detected change in 'C:\\Users\\DELL\\Desktop\\StoreSalesPred\\store_sales_prediction\\Encoding.py', reloading
04-03-2022, 12:26:27	WARNING- Open Home page
04-03-2022, 12:26:27	INFO- 127.0.0.1 - - [04/Mar/2022 12:26:27] "GET / HTTP/1.1" 200 -
04-03-2022, 12:26:55	WARNING- Predict func called
04-03-2022, 12:26:55	WARNING- Got values from user
04-03-2022, 12:26:55	INFO- 127.0.0.1 - - [04/Mar/2022 12:26:55] "POST /predict HTTP/1.1" 200 -
04-03-2022, 12:27:46	INFO-  * Detected change in 'C:\\Users\\DELL\\Desktop\\StoreSalesPred\\store_sales_prediction\\app.py', reloading
04-03-2022, 12:27:55	WARNING- Predict func called
04-03-2022, 12:27:55	WARNING- Got values from user
04-03-2022, 12:27:55	WARNING- Values encoded
04-03-2022, 12:27:55	WARNING- Values predicted
04-03-2022, 12:27:55	WARNING- Prediction file opened
04-03-2022, 12:27:55	WARNING- list Value OUT010 inserted
04-03-2022, 12:27:55	WARNING- list Value 25.6 inserted
04-03-2022, 12:27:55	WARNING- list Value Grocery Store inserted
04-03-2022, 12:27:55	WARNING- Output inserted
04-03-2022, 12:27:55	WARNING- Got output 2.8155
04-03-2022, 12:27:55	INFO- 127.0.0.1 - - [04/Mar/2022 12:27:55] "POST /predict HTTP/1.1" 200 -
04-03-2022, 12:28:32	WARNING- Predict func called
04-03-2022, 12:28:32	WARNING- Got values from user
04-03-2022, 12:28:32	WARNING- Values encoded
04-03-2022, 12:28:32	WARNING- Values predicted
04-03-2022, 12:28:32	WARNING- Prediction file opened
04-03-2022, 12:28:32	WARNING- list Value OUT010 inserted
04-03-2022, 12:28:32	WARNING- list Value 25.6 inserted
04-03-2022, 12:28:32	WARNING- list Value Grocery Store inserted
04-03-2022, 12:28:32	WARNING- Output inserted
04-03-2022, 12:28:32	WARNING- Got output 2.8155
04-03-2022, 12:28:32	INFO- 127.0.0.1 - - [04/Mar/2022 12:28:32] "POST /predict HTTP/1.1" 200 -
04-03-2022, 12:31:53	WARNING- Predict func called
04-03-2022, 12:31:53	WARNING- Got values from user
04-03-2022, 12:31:53	WARNING- Values encoded
04-03-2022, 12:31:53	WARNING- Values predicted
04-03-2022, 12:31:53	WARNING- Prediction file opened
04-03-2022, 12:31:53	WARNING- list Value OUT049 inserted
04-03-2022, 12:31:53	WARNING- list Value 249.8092 inserted
04-03-2022, 12:31:53	WARNING- list Value Supermarket Type1 inserted
04-03-2022, 12:31:53	WARNING- Output inserted
04-03-2022, 12:31:53	WARNING- Got output 7.852
04-03-2022, 12:31:53	INFO- 127.0.0.1 - - [04/Mar/2022 12:31:53] "POST /predict HTTP/1.1" 200 -
04-03-2022, 12:33:38	INFO-  * Detected change in 'C:\\Users\\DELL\\Desktop\\StoreSalesPred\\store_sales_prediction\\app.py', reloading
04-03-2022, 12:33:43	WARNING- Predict func called
04-03-2022, 12:33:43	WARNING- Got values from user
04-03-2022, 12:33:43	WARNING- Values encoded
04-03-2022, 12:33:43	WARNING- Values predicted
04-03-2022, 12:33:43	WARNING- Prediction file opened
04-03-2022, 12:33:43	WARNING- list Value OUT049 inserted
04-03-2022, 12:33:43	WARNING- list Value 249.8092 inserted
04-03-2022, 12:33:43	WARNING- list Value Supermarket Type1 inserted
04-03-2022, 12:33:43	WARNING- Output inserted
04-03-2022, 12:33:43	WARNING- Got output 7.851964289405396
04-03-2022, 12:33:43	INFO- 127.0.0.1 - - [04/Mar/2022 12:33:43] "POST /predict HTTP/1.1" 200 -
04-03-2022, 12:37:15	INFO- 127.0.0.1 - - [04/Mar/2022 12:37:15] "GET /about HTTP/1.1" 200 -
04-03-2022, 12:37:20	WARNING- Open Home page
04-03-2022, 12:37:20	INFO- 127.0.0.1 - - [04/Mar/2022 12:37:20] "GET / HTTP/1.1" 200 -
04-03-2022, 12:37:22	INFO- 127.0.0.1 - - [04/Mar/2022 12:37:22] "GET /about HTTP/1.1" 200 -
04-03-2022, 12:37:34	WARNING- Open Home page
04-03-2022, 12:37:34	INFO- 127.0.0.1 - - [04/Mar/2022 12:37:34] "GET / HTTP/1.1" 200 -
04-03-2022, 12:40:21	WARNING- Predict func called
04-03-2022, 12:40:21	WARNING- Got values from user
04-03-2022, 12:40:21	ERROR-  There is some error!!
04-03-2022, 12:40:21	INFO- 127.0.0.1 - - [04/Mar/2022 12:40:21] "POST /predict HTTP/1.1" 200 -
04-03-2022, 12:40:25	INFO- 127.0.0.1 - - [04/Mar/2022 12:40:25] "GET /about HTTP/1.1" 200 -
04-03-2022, 12:40:29	INFO- 127.0.0.1 - - [04/Mar/2022 12:40:29] "GET /about HTTP/1.1" 200 -
04-03-2022, 12:40:34	WARNING- Open Home page
04-03-2022, 12:40:34	INFO- 127.0.0.1 - - [04/Mar/2022 12:40:34] "GET / HTTP/1.1" 200 -
04-03-2022, 12:40:35	WARNING- Open Home page
04-03-2022, 12:40:35	INFO- 127.0.0.1 - - [04/Mar/2022 12:40:35] "GET / HTTP/1.1" 200 -
04-03-2022, 12:41:32	WARNING- Predict func called
04-03-2022, 12:41:32	WARNING- Got values from user
04-03-2022, 12:41:32	WARNING- Values encoded
04-03-2022, 12:41:32	WARNING- Values predicted
04-03-2022, 12:41:32	WARNING- Prediction file opened
04-03-2022, 12:41:32	WARNING- list Value OUT049 inserted
04-03-2022, 12:41:32	WARNING- list Value 249.8092 inserted
04-03-2022, 12:41:32	WARNING- list Value Supermarket Type1 inserted
04-03-2022, 12:41:32	WARNING- Output inserted
04-03-2022, 12:41:32	WARNING- Got output 7.851964289405396
04-03-2022, 12:41:32	INFO- 127.0.0.1 - - [04/Mar/2022 12:41:32] "POST /predict HTTP/1.1" 200 -
04-03-2022, 12:42:26	INFO- 127.0.0.1 - - [04/Mar/2022 12:42:26] "GET /about HTTP/1.1" 200 -
04-03-2022, 12:44:57	WARNING- Predict func called
04-03-2022, 12:44:57	WARNING- Got values from user
04-03-2022, 12:44:57	WARNING- Values encoded
04-03-2022, 12:44:57	WARNING- Values predicted
04-03-2022, 12:44:57	WARNING- Prediction file opened
04-03-2022, 12:44:57	WARNING- list Value OUT049 inserted
04-03-2022, 12:44:57	WARNING- list Value 249.8092 inserted
04-03-2022, 12:44:57	WARNING- list Value Supermarket Type1 inserted
04-03-2022, 12:44:57	WARNING- Output inserted
04-03-2022, 12:44:57	WARNING- Got output 7.851964289405396
04-03-2022, 12:44:57	INFO- 127.0.0.1 - - [04/Mar/2022 12:44:57] "POST /predict HTTP/1.1" 200 -
04-03-2022, 12:45:51	WARNING- Predict func called
04-03-2022, 12:45:51	WARNING- Got values from user
04-03-2022, 12:45:51	WARNING- Values encoded
04-03-2022, 12:45:51	WARNING- Values predicted
04-03-2022, 12:45:51	WARNING- Prediction file opened
04-03-2022, 12:45:51	WARNING- list Value OUT049 inserted
04-03-2022, 12:45:51	WARNING- list Value 249.8092 inserted
04-03-2022, 12:45:51	WARNING- list Value Supermarket Type1 inserted
04-03-2022, 12:45:51	WARNING- Output inserted
04-03-2022, 12:45:51	WARNING- Got output 7.851964289405396
04-03-2022, 12:45:51	INFO- 127.0.0.1 - - [04/Mar/2022 12:45:51] "POST /predict HTTP/1.1" 200 -
04-03-2022, 12:48:20	WARNING- Predict func called
04-03-2022, 12:48:20	WARNING- Got values from user
04-03-2022, 12:48:20	WARNING- Values encoded
04-03-2022, 12:48:20	WARNING- Values predicted
04-03-2022, 12:48:20	WARNING- Prediction file opened
04-03-2022, 12:48:20	WARNING- list Value OUT049 inserted
04-03-2022, 12:48:20	WARNING- list Value 249.8092 inserted
04-03-2022, 12:48:20	WARNING- list Value Supermarket Type1 inserted
04-03-2022, 12:48:20	WARNING- Output inserted
04-03-2022, 12:48:20	WARNING- Got output 7.851964289405396
04-03-2022, 12:48:20	INFO- 127.0.0.1 - - [04/Mar/2022 12:48:20] "POST /predict HTTP/1.1" 200 -
05-03-2022, 00:18:19	WARNING- Open Home page
05-03-2022, 00:18:19	INFO- 127.0.0.1 - - [05/Mar/2022 00:18:19] "GET / HTTP/1.1" 200 -
05-03-2022, 00:19:52	WARNING- Predict func called
05-03-2022, 00:19:52	WARNING- Got values from user
05-03-2022, 00:19:52	WARNING- Values encoded
05-03-2022, 00:19:52	WARNING- Values predicted
05-03-2022, 00:19:52	WARNING- Prediction file opened
05-03-2022, 00:19:52	WARNING- list Value OUT013 inserted
05-03-2022, 00:19:52	WARNING- list Value Low Fat inserted
05-03-2022, 00:19:52	WARNING- list Value 56.1614 inserted
05-03-2022, 00:19:52	WARNING- list Value Soft Drinks inserted
05-03-2022, 00:19:52	WARNING- list Value 0.033873 inserted
05-03-2022, 00:19:52	WARNING- list Value 1987 inserted
05-03-2022, 00:19:52	WARNING- list Value High inserted
05-03-2022, 00:19:52	WARNING- list Value Supermarket Type1 inserted
05-03-2022, 00:19:52	WARNING- Output inserted
05-03-2022, 00:19:52	WARNING- Got output 5.331575609364175
05-03-2022, 00:19:52	WARNING- Prediction Successfull!
05-03-2022, 00:19:52	INFO- 127.0.0.1 - - [05/Mar/2022 00:19:52] "POST /predict HTTP/1.1" 200 -
05-03-2022, 00:23:38	WARNING- Predict func called
05-03-2022, 00:23:38	WARNING- Got values from user
05-03-2022, 00:23:38	WARNING- Values encoded
05-03-2022, 00:23:38	WARNING- Values predicted
05-03-2022, 00:23:38	WARNING- Prediction file opened
05-03-2022, 00:23:38	WARNING- list Value OUT013 inserted
05-03-2022, 00:23:38	WARNING- list Value Low Fat inserted
05-03-2022, 00:23:38	WARNING- list Value 56.1614 inserted
05-03-2022, 00:23:38	WARNING- list Value Soft Drinks inserted
05-03-2022, 00:23:38	WARNING- list Value 0.033873 inserted
05-03-2022, 00:23:38	WARNING- list Value 1987 inserted
05-03-2022, 00:23:38	WARNING- list Value High inserted
05-03-2022, 00:23:38	WARNING- list Value Supermarket Type1 inserted
05-03-2022, 00:23:38	WARNING- Output inserted
05-03-2022, 00:23:38	WARNING- Got output 5.331575609364175
05-03-2022, 00:23:38	WARNING- Prediction Successfull!
05-03-2022, 00:23:38	INFO- 127.0.0.1 - - [05/Mar/2022 00:23:38] "POST /predict HTTP/1.1" 200 -
05-03-2022, 00:27:06	WARNING- Predict func called
05-03-2022, 00:27:06	WARNING- Got values from user
05-03-2022, 00:27:06	WARNING- Values encoded
05-03-2022, 00:27:06	WARNING- Values predicted
05-03-2022, 00:27:06	WARNING- Prediction file opened
05-03-2022, 00:27:06	WARNING- list Value OUT013 inserted
05-03-2022, 00:27:06	WARNING- list Value Low Fat inserted
05-03-2022, 00:27:06	WARNING- list Value 56.1614 inserted
05-03-2022, 00:27:06	WARNING- list Value Soft Drinks inserted
05-03-2022, 00:27:06	WARNING- list Value 0.033873 inserted
05-03-2022, 00:27:06	WARNING- list Value 1987 inserted
05-03-2022, 00:27:06	WARNING- list Value High inserted
05-03-2022, 00:27:06	WARNING- list Value Supermarket Type1 inserted
05-03-2022, 00:27:06	WARNING- Output inserted
05-03-2022, 00:27:06	WARNING- Got output 5.331575609364175
05-03-2022, 00:27:06	WARNING- Prediction Successfull!
05-03-2022, 00:27:06	INFO- 127.0.0.1 - - [05/Mar/2022 00:27:06] "POST /predict HTTP/1.1" 200 -
05-03-2022, 00:27:09	WARNING- Open Home page
05-03-2022, 00:27:09	INFO- 127.0.0.1 - - [05/Mar/2022 00:27:09] "GET / HTTP/1.1" 200 -
05-03-2022, 00:27:39	WARNING- Predict func called
05-03-2022, 00:27:39	WARNING- Got values from user
05-03-2022, 00:27:39	WARNING- Values encoded
05-03-2022, 00:27:39	WARNING- Values predicted
05-03-2022, 00:27:39	WARNING- Prediction file opened
05-03-2022, 00:27:39	WARNING- list Value OUT013 inserted
05-03-2022, 00:27:39	WARNING- list Value Low Fat inserted
05-03-2022, 00:27:39	WARNING- list Value 56.1614 inserted
05-03-2022, 00:27:39	WARNING- list Value Soft Drinks inserted
05-03-2022, 00:27:39	WARNING- list Value 0.033873 inserted
05-03-2022, 00:27:39	WARNING- list Value 1987 inserted
05-03-2022, 00:27:39	WARNING- list Value High inserted
05-03-2022, 00:27:39	WARNING- list Value Supermarket Type1 inserted
05-03-2022, 00:27:39	WARNING- Output inserted
05-03-2022, 00:27:39	WARNING- Got output 5.331575609364175
05-03-2022, 00:27:39	WARNING- Prediction Successfull!
05-03-2022, 00:27:39	INFO- 127.0.0.1 - - [05/Mar/2022 00:27:39] "POST /predict HTTP/1.1" 200 -
05-03-2022, 00:27:43	WARNING- Predict func called
05-03-2022, 00:27:43	WARNING- Got values from user
05-03-2022, 00:27:43	WARNING- Values encoded
05-03-2022, 00:27:43	WARNING- Values predicted
05-03-2022, 00:27:43	WARNING- Prediction file opened
05-03-2022, 00:27:43	WARNING- list Value OUT013 inserted
05-03-2022, 00:27:43	WARNING- list Value Low Fat inserted
05-03-2022, 00:27:43	WARNING- list Value 56.1614 inserted
05-03-2022, 00:27:43	WARNING- list Value Soft Drinks inserted
05-03-2022, 00:27:43	WARNING- list Value 0.033873 inserted
05-03-2022, 00:27:43	WARNING- list Value 1987 inserted
05-03-2022, 00:27:43	WARNING- list Value High inserted
05-03-2022, 00:27:43	WARNING- list Value Supermarket Type1 inserted
05-03-2022, 00:27:43	WARNING- Output inserted
05-03-2022, 00:27:43	WARNING- Got output 5.331575609364175
05-03-2022, 00:27:43	WARNING- Prediction Successfull!
05-03-2022, 00:27:43	INFO- 127.0.0.1 - - [05/Mar/2022 00:27:43] "POST /predict HTTP/1.1" 200 -
05-03-2022, 00:28:07	WARNING- Predict func called
05-03-2022, 00:28:07	WARNING- Got values from user
05-03-2022, 00:28:07	WARNING- Values encoded
05-03-2022, 00:28:07	WARNING- Values predicted
05-03-2022, 00:28:07	WARNING- Prediction file opened
05-03-2022, 00:28:07	WARNING- list Value OUT013 inserted
05-03-2022, 00:28:07	WARNING- list Value Low Fat inserted
05-03-2022, 00:28:07	WARNING- list Value 56.1614 inserted
05-03-2022, 00:28:07	WARNING- list Value Soft Drinks inserted
05-03-2022, 00:28:07	WARNING- list Value 0.033873 inserted
05-03-2022, 00:28:07	WARNING- list Value 1987 inserted
05-03-2022, 00:28:07	WARNING- list Value High inserted
05-03-2022, 00:28:07	WARNING- list Value Supermarket Type1 inserted
05-03-2022, 00:28:07	WARNING- Output inserted
05-03-2022, 00:28:07	WARNING- Got output 5.331575609364175
05-03-2022, 00:28:07	WARNING- Prediction Successfull!
05-03-2022, 00:28:07	INFO- 127.0.0.1 - - [05/Mar/2022 00:28:07] "POST /predict HTTP/1.1" 200 -
05-03-2022, 00:28:28	WARNING- Predict func called
05-03-2022, 00:28:28	WARNING- Got values from user
05-03-2022, 00:28:28	WARNING- Values encoded
05-03-2022, 00:28:28	WARNING- Values predicted
05-03-2022, 00:28:28	WARNING- Prediction file opened
05-03-2022, 00:28:28	WARNING- list Value OUT013 inserted
05-03-2022, 00:28:28	WARNING- list Value Low Fat inserted
05-03-2022, 00:28:28	WARNING- list Value 56.1614 inserted
05-03-2022, 00:28:28	WARNING- list Value Soft Drinks inserted
05-03-2022, 00:28:28	WARNING- list Value 0.033873 inserted
05-03-2022, 00:28:28	WARNING- list Value 1987 inserted
05-03-2022, 00:28:28	WARNING- list Value High inserted
05-03-2022, 00:28:28	WARNING- list Value Supermarket Type1 inserted
05-03-2022, 00:28:28	WARNING- Output inserted
05-03-2022, 00:28:28	WARNING- Got output 5.331575609364175
05-03-2022, 00:28:28	WARNING- Prediction Successfull!
05-03-2022, 00:28:28	INFO- 127.0.0.1 - - [05/Mar/2022 00:28:28] "POST /predict HTTP/1.1" 200 -
05-03-2022, 00:31:58	WARNING- Predict func called
05-03-2022, 00:31:58	WARNING- Got values from user
05-03-2022, 00:31:58	WARNING- Values encoded
05-03-2022, 00:31:58	WARNING- Values predicted
05-03-2022, 00:31:58	WARNING- Prediction file opened
05-03-2022, 00:31:58	WARNING- list Value OUT013 inserted
05-03-2022, 00:31:58	WARNING- list Value Low Fat inserted
05-03-2022, 00:31:58	WARNING- list Value 56.1614 inserted
05-03-2022, 00:31:58	WARNING- list Value Soft Drinks inserted
05-03-2022, 00:31:58	WARNING- list Value 0.033873 inserted
05-03-2022, 00:31:58	WARNING- list Value 1987 inserted
05-03-2022, 00:31:58	WARNING- list Value High inserted
05-03-2022, 00:31:58	WARNING- list Value Supermarket Type1 inserted
05-03-2022, 00:31:58	WARNING- Output inserted
05-03-2022, 00:31:58	WARNING- Got output 5.331575609364175
05-03-2022, 00:31:58	WARNING- Prediction Successfull!
05-03-2022, 00:31:58	INFO- 127.0.0.1 - - [05/Mar/2022 00:31:58] "POST /predict HTTP/1.1" 200 -
05-03-2022, 00:32:02	WARNING- Open Home page
05-03-2022, 00:32:02	INFO- 127.0.0.1 - - [05/Mar/2022 00:32:02] "GET / HTTP/1.1" 200 -
05-03-2022, 00:33:30	WARNING- Predict func called
05-03-2022, 00:33:30	WARNING- Got values from user
05-03-2022, 00:33:30	WARNING- Values encoded
05-03-2022, 00:33:30	WARNING- Values predicted
05-03-2022, 00:33:30	WARNING- Prediction file opened
05-03-2022, 00:33:30	WARNING- list Value OUT013 inserted
05-03-2022, 00:33:30	WARNING- list Value Low Fat inserted
05-03-2022, 00:33:30	WARNING- list Value 56.1614 inserted
05-03-2022, 00:33:30	WARNING- list Value Soft Drinks inserted
05-03-2022, 00:33:30	WARNING- list Value 0.033873 inserted
05-03-2022, 00:33:30	WARNING- list Value 1987 inserted
05-03-2022, 00:33:30	WARNING- list Value High inserted
05-03-2022, 00:33:30	WARNING- list Value Supermarket Type1 inserted
05-03-2022, 00:33:30	WARNING- Output inserted
05-03-2022, 00:33:30	WARNING- Got output 5.331575609364175
05-03-2022, 00:33:30	WARNING- Prediction Successfull!
05-03-2022, 00:33:30	INFO- 127.0.0.1 - - [05/Mar/2022 00:33:30] "POST /predict HTTP/1.1" 200 -
05-03-2022, 00:33:56	WARNING- Predict func called
05-03-2022, 00:33:56	WARNING- Got values from user
05-03-2022, 00:33:56	WARNING- Values encoded
05-03-2022, 00:33:56	WARNING- Values predicted
05-03-2022, 00:33:56	WARNING- Prediction file opened
05-03-2022, 00:33:56	WARNING- list Value OUT013 inserted
05-03-2022, 00:33:56	WARNING- list Value Low Fat inserted
05-03-2022, 00:33:56	WARNING- list Value 56.1614 inserted
05-03-2022, 00:33:56	WARNING- list Value Soft Drinks inserted
05-03-2022, 00:33:56	WARNING- list Value 0.033873 inserted
05-03-2022, 00:33:56	WARNING- list Value 1987 inserted
05-03-2022, 00:33:56	WARNING- list Value High inserted
05-03-2022, 00:33:56	WARNING- list Value Supermarket Type1 inserted
05-03-2022, 00:33:56	WARNING- Output inserted
05-03-2022, 00:33:56	WARNING- Got output 5.331575609364175
05-03-2022, 00:33:56	WARNING- Prediction Successfull!
05-03-2022, 00:33:56	INFO- 127.0.0.1 - - [05/Mar/2022 00:33:56] "POST /predict HTTP/1.1" 200 -
05-03-2022, 00:34:51	WARNING- Predict func called
05-03-2022, 00:34:51	WARNING- Got values from user
05-03-2022, 00:34:51	WARNING- Values encoded
05-03-2022, 00:34:51	WARNING- Values predicted
05-03-2022, 00:34:51	WARNING- Prediction file opened
05-03-2022, 00:34:51	WARNING- list Value OUT013 inserted
05-03-2022, 00:34:51	WARNING- list Value Low Fat inserted
05-03-2022, 00:34:51	WARNING- list Value 56.1614 inserted
05-03-2022, 00:34:51	WARNING- list Value Soft Drinks inserted
05-03-2022, 00:34:51	WARNING- list Value 0.033873 inserted
05-03-2022, 00:34:51	WARNING- list Value 1987 inserted
05-03-2022, 00:34:51	WARNING- list Value High inserted
05-03-2022, 00:34:51	WARNING- list Value Supermarket Type1 inserted
05-03-2022, 00:34:51	WARNING- Output inserted
05-03-2022, 00:34:51	WARNING- Got output 5.331575609364175
05-03-2022, 00:34:51	WARNING- Prediction Successfull!
05-03-2022, 00:34:51	INFO- 127.0.0.1 - - [05/Mar/2022 00:34:51] "POST /predict HTTP/1.1" 200 -
05-03-2022, 00:37:22	WARNING- Predict func called
05-03-2022, 00:37:22	WARNING- Got values from user
05-03-2022, 00:37:22	WARNING- Values encoded
05-03-2022, 00:37:23	WARNING- Values predicted
05-03-2022, 00:37:23	WARNING- Prediction file opened
05-03-2022, 00:37:23	WARNING- list Value OUT013 inserted
05-03-2022, 00:37:23	WARNING- list Value Low Fat inserted
05-03-2022, 00:37:23	WARNING- list Value 56.1614 inserted
05-03-2022, 00:37:23	WARNING- list Value Soft Drinks inserted
05-03-2022, 00:37:23	WARNING- list Value 0.033873 inserted
05-03-2022, 00:37:23	WARNING- list Value 1987 inserted
05-03-2022, 00:37:23	WARNING- list Value High inserted
05-03-2022, 00:37:23	WARNING- list Value Supermarket Type1 inserted
05-03-2022, 00:37:23	WARNING- Output inserted
05-03-2022, 00:37:23	WARNING- Got output 5.331575609364175
05-03-2022, 00:37:23	WARNING- Prediction Successfull!
05-03-2022, 00:37:23	INFO- 127.0.0.1 - - [05/Mar/2022 00:37:23] "POST /predict HTTP/1.1" 200 -
05-03-2022, 00:37:43	WARNING- Predict func called
05-03-2022, 00:37:43	WARNING- Got values from user
05-03-2022, 00:37:43	WARNING- Values encoded
05-03-2022, 00:37:43	WARNING- Values predicted
05-03-2022, 00:37:43	WARNING- Prediction file opened
05-03-2022, 00:37:43	WARNING- list Value OUT013 inserted
05-03-2022, 00:37:43	WARNING- list Value Low Fat inserted
05-03-2022, 00:37:43	WARNING- list Value 56.1614 inserted
05-03-2022, 00:37:43	WARNING- list Value Soft Drinks inserted
05-03-2022, 00:37:43	WARNING- list Value 0.033873 inserted
05-03-2022, 00:37:43	WARNING- list Value 1987 inserted
05-03-2022, 00:37:43	WARNING- list Value High inserted
05-03-2022, 00:37:43	WARNING- list Value Supermarket Type1 inserted
05-03-2022, 00:37:43	WARNING- Output inserted
05-03-2022, 00:37:43	WARNING- Got output 5.331575609364175
05-03-2022, 00:37:43	WARNING- Prediction Successfull!
05-03-2022, 00:37:43	INFO- 127.0.0.1 - - [05/Mar/2022 00:37:43] "POST /predict HTTP/1.1" 200 -
05-03-2022, 00:37:48	WARNING- Open Home page
05-03-2022, 00:37:48	INFO- 127.0.0.1 - - [05/Mar/2022 00:37:48] "GET / HTTP/1.1" 200 -
05-03-2022, 00:39:31	WARNING- Predict func called
05-03-2022, 00:39:31	WARNING- Got values from user
05-03-2022, 00:39:31	WARNING- Values encoded
05-03-2022, 00:39:31	WARNING- Values predicted
05-03-2022, 00:39:31	WARNING- Prediction file opened
05-03-2022, 00:39:31	WARNING- list Value OUT013 inserted
05-03-2022, 00:39:31	WARNING- list Value Low Fat inserted
05-03-2022, 00:39:31	WARNING- list Value 56.1614 inserted
05-03-2022, 00:39:31	WARNING- list Value Soft Drinks inserted
05-03-2022, 00:39:31	WARNING- list Value 0.033873 inserted
05-03-2022, 00:39:31	WARNING- list Value 1987 inserted
05-03-2022, 00:39:31	WARNING- list Value High inserted
05-03-2022, 00:39:31	WARNING- list Value Supermarket Type1 inserted
05-03-2022, 00:39:31	WARNING- Output inserted
05-03-2022, 00:39:31	WARNING- Got output 5.331575609364175
05-03-2022, 00:39:31	WARNING- Prediction Successfull!
05-03-2022, 00:39:31	INFO- 127.0.0.1 - - [05/Mar/2022 00:39:31] "POST /predict HTTP/1.1" 200 -
05-03-2022, 00:39:53	WARNING- Predict func called
05-03-2022, 00:39:53	WARNING- Got values from user
05-03-2022, 00:39:53	WARNING- Values encoded
05-03-2022, 00:39:53	WARNING- Values predicted
05-03-2022, 00:39:53	WARNING- Prediction file opened
05-03-2022, 00:39:53	WARNING- list Value OUT013 inserted
05-03-2022, 00:39:53	WARNING- list Value Low Fat inserted
05-03-2022, 00:39:53	WARNING- list Value 56.1614 inserted
05-03-2022, 00:39:53	WARNING- list Value Soft Drinks inserted
05-03-2022, 00:39:53	WARNING- list Value 0.033873 inserted
05-03-2022, 00:39:53	WARNING- list Value 1987 inserted
05-03-2022, 00:39:53	WARNING- list Value High inserted
05-03-2022, 00:39:53	WARNING- list Value Supermarket Type1 inserted
05-03-2022, 00:39:53	WARNING- Output inserted
05-03-2022, 00:39:53	WARNING- Got output 5.331575609364175
05-03-2022, 00:39:53	WARNING- Prediction Successfull!
05-03-2022, 00:39:53	INFO- 127.0.0.1 - - [05/Mar/2022 00:39:53] "POST /predict HTTP/1.1" 200 -
05-03-2022, 00:40:28	WARNING- Predict func called
05-03-2022, 00:40:28	WARNING- Got values from user
05-03-2022, 00:40:28	WARNING- Values encoded
05-03-2022, 00:40:28	WARNING- Values predicted
05-03-2022, 00:40:28	WARNING- Prediction file opened
05-03-2022, 00:40:28	WARNING- list Value OUT013 inserted
05-03-2022, 00:40:28	WARNING- list Value Low Fat inserted
05-03-2022, 00:40:28	WARNING- list Value 56.1614 inserted
05-03-2022, 00:40:28	WARNING- list Value Soft Drinks inserted
05-03-2022, 00:40:28	WARNING- list Value 0.033873 inserted
05-03-2022, 00:40:28	WARNING- list Value 1987 inserted
05-03-2022, 00:40:28	WARNING- list Value High inserted
05-03-2022, 00:40:28	WARNING- list Value Supermarket Type1 inserted
05-03-2022, 00:40:28	WARNING- Output inserted
05-03-2022, 00:40:28	WARNING- Got output 5.331575609364175
05-03-2022, 00:40:28	WARNING- Prediction Successfull!
05-03-2022, 00:40:28	INFO- 127.0.0.1 - - [05/Mar/2022 00:40:28] "POST /predict HTTP/1.1" 200 -
05-03-2022, 00:40:56	WARNING- Predict func called
05-03-2022, 00:40:56	WARNING- Got values from user
05-03-2022, 00:40:56	WARNING- Values encoded
05-03-2022, 00:40:56	WARNING- Values predicted
05-03-2022, 00:40:56	WARNING- Prediction file opened
05-03-2022, 00:40:56	WARNING- list Value OUT013 inserted
05-03-2022, 00:40:56	WARNING- list Value Low Fat inserted
05-03-2022, 00:40:56	WARNING- list Value 56.1614 inserted
05-03-2022, 00:40:56	WARNING- list Value Soft Drinks inserted
05-03-2022, 00:40:56	WARNING- list Value 0.033873 inserted
05-03-2022, 00:40:56	WARNING- list Value 1987 inserted
05-03-2022, 00:40:56	WARNING- list Value High inserted
05-03-2022, 00:40:56	WARNING- list Value Supermarket Type1 inserted
05-03-2022, 00:40:56	WARNING- Output inserted
05-03-2022, 00:40:56	WARNING- Got output 5.331575609364175
05-03-2022, 00:40:56	WARNING- Prediction Successfull!
05-03-2022, 00:40:56	INFO- 127.0.0.1 - - [05/Mar/2022 00:40:56] "POST /predict HTTP/1.1" 200 -
05-03-2022, 00:42:00	WARNING- Predict func called
05-03-2022, 00:42:00	WARNING- Got values from user
05-03-2022, 00:42:00	WARNING- Values encoded
05-03-2022, 00:42:00	WARNING- Values predicted
05-03-2022, 00:42:00	WARNING- Prediction file opened
05-03-2022, 00:42:00	WARNING- list Value OUT013 inserted
05-03-2022, 00:42:00	WARNING- list Value Low Fat inserted
05-03-2022, 00:42:00	WARNING- list Value 56.1614 inserted
05-03-2022, 00:42:00	WARNING- list Value Soft Drinks inserted
05-03-2022, 00:42:00	WARNING- list Value 0.033873 inserted
05-03-2022, 00:42:00	WARNING- list Value 1987 inserted
05-03-2022, 00:42:00	WARNING- list Value High inserted
05-03-2022, 00:42:00	WARNING- list Value Supermarket Type1 inserted
05-03-2022, 00:42:00	WARNING- Output inserted
05-03-2022, 00:42:00	WARNING- Got output 5.331575609364175
05-03-2022, 00:42:00	WARNING- Prediction Successfull!
05-03-2022, 00:42:00	INFO- 127.0.0.1 - - [05/Mar/2022 00:42:00] "POST /predict HTTP/1.1" 200 -
05-03-2022, 08:39:19	WARNING- Predict func called
05-03-2022, 08:39:19	WARNING- Got values from user
05-03-2022, 08:39:19	WARNING- Values encoded
05-03-2022, 08:39:19	WARNING- Values predicted
05-03-2022, 08:39:19	WARNING- Prediction file opened
05-03-2022, 08:39:19	WARNING- list Value OUT013 inserted
05-03-2022, 08:39:19	WARNING- list Value Low Fat inserted
05-03-2022, 08:39:19	WARNING- list Value 56.1614 inserted
05-03-2022, 08:39:19	WARNING- list Value Soft Drinks inserted
05-03-2022, 08:39:19	WARNING- list Value 0.033873 inserted
05-03-2022, 08:39:19	WARNING- list Value 1987 inserted
05-03-2022, 08:39:19	WARNING- list Value High inserted
05-03-2022, 08:39:19	WARNING- list Value Supermarket Type1 inserted
05-03-2022, 08:39:19	WARNING- Output inserted
05-03-2022, 08:39:19	WARNING- Got output 5.331575609364175
05-03-2022, 08:39:19	WARNING- Prediction Successfull!
05-03-2022, 08:39:19	INFO- 127.0.0.1 - - [05/Mar/2022 08:39:19] "POST /predict HTTP/1.1" 200 -
05-03-2022, 08:41:17	WARNING- Predict func called
05-03-2022, 08:41:17	WARNING- Got values from user
05-03-2022, 08:41:17	WARNING- Values encoded
05-03-2022, 08:41:17	WARNING- Values predicted
05-03-2022, 08:41:17	WARNING- Prediction file opened
05-03-2022, 08:41:17	WARNING- list Value OUT013 inserted
05-03-2022, 08:41:17	WARNING- list Value Low Fat inserted
05-03-2022, 08:41:17	WARNING- list Value 56.1614 inserted
05-03-2022, 08:41:17	WARNING- list Value Soft Drinks inserted
05-03-2022, 08:41:17	WARNING- list Value 0.033873 inserted
05-03-2022, 08:41:17	WARNING- list Value 1987 inserted
05-03-2022, 08:41:17	WARNING- list Value High inserted
05-03-2022, 08:41:17	WARNING- list Value Supermarket Type1 inserted
05-03-2022, 08:41:17	WARNING- Output inserted
05-03-2022, 08:41:17	WARNING- Got output 5.331575609364175
05-03-2022, 08:41:17	WARNING- Prediction Successfull!
05-03-2022, 08:41:17	INFO- 127.0.0.1 - - [05/Mar/2022 08:41:17] "POST /predict HTTP/1.1" 200 -
05-03-2022, 08:41:43	WARNING- Open Home page
05-03-2022, 08:41:43	INFO- 127.0.0.1 - - [05/Mar/2022 08:41:43] "GET / HTTP/1.1" 200 -
05-03-2022, 08:43:44	WARNING- Predict func called
05-03-2022, 08:43:44	WARNING- Got values from user
05-03-2022, 08:43:44	WARNING- Values encoded
05-03-2022, 08:43:44	WARNING- Values predicted
05-03-2022, 08:43:44	WARNING- Prediction file opened
05-03-2022, 08:43:44	WARNING- list Value OUT013 inserted
05-03-2022, 08:43:44	WARNING- list Value Low Fat inserted
05-03-2022, 08:43:44	WARNING- list Value 56.1614 inserted
05-03-2022, 08:43:44	WARNING- list Value Soft Drinks inserted
05-03-2022, 08:43:44	WARNING- list Value 0.033873 inserted
05-03-2022, 08:43:44	WARNING- list Value 1987 inserted
05-03-2022, 08:43:44	WARNING- list Value High inserted
05-03-2022, 08:43:44	WARNING- list Value Supermarket Type1 inserted
05-03-2022, 08:43:44	WARNING- Output inserted
05-03-2022, 08:43:44	WARNING- Got output 5.331575609364175
05-03-2022, 08:43:44	WARNING- Prediction Successfull!
05-03-2022, 08:43:44	INFO- 127.0.0.1 - - [05/Mar/2022 08:43:44] "POST /predict HTTP/1.1" 200 -
05-03-2022, 08:44:21	WARNING- Predict func called
05-03-2022, 08:44:21	WARNING- Got values from user
05-03-2022, 08:44:21	WARNING- Values encoded
05-03-2022, 08:44:21	WARNING- Values predicted
05-03-2022, 08:44:21	WARNING- Prediction file opened
05-03-2022, 08:44:21	WARNING- list Value OUT013 inserted
05-03-2022, 08:44:21	WARNING- list Value Low Fat inserted
05-03-2022, 08:44:21	WARNING- list Value 56.1614 inserted
05-03-2022, 08:44:21	WARNING- list Value Soft Drinks inserted
05-03-2022, 08:44:21	WARNING- list Value 0.033873 inserted
05-03-2022, 08:44:21	WARNING- list Value 1987 inserted
05-03-2022, 08:44:21	WARNING- list Value High inserted
05-03-2022, 08:44:21	WARNING- list Value Supermarket Type1 inserted
05-03-2022, 08:44:21	WARNING- Output inserted
05-03-2022, 08:44:21	WARNING- Got output 5.331575609364175
05-03-2022, 08:44:21	WARNING- Prediction Successfull!
05-03-2022, 08:44:21	INFO- 127.0.0.1 - - [05/Mar/2022 08:44:21] "POST /predict HTTP/1.1" 200 -
05-03-2022, 08:44:37	WARNING- Predict func called
05-03-2022, 08:44:37	WARNING- Got values from user
05-03-2022, 08:44:37	WARNING- Values encoded
05-03-2022, 08:44:37	WARNING- Values predicted
05-03-2022, 08:44:37	WARNING- Prediction file opened
05-03-2022, 08:44:37	WARNING- list Value OUT013 inserted
05-03-2022, 08:44:37	WARNING- list Value Low Fat inserted
05-03-2022, 08:44:37	WARNING- list Value 56.1614 inserted
05-03-2022, 08:44:37	WARNING- list Value Soft Drinks inserted
05-03-2022, 08:44:37	WARNING- list Value 0.033873 inserted
05-03-2022, 08:44:37	WARNING- list Value 1987 inserted
05-03-2022, 08:44:37	WARNING- list Value High inserted
05-03-2022, 08:44:37	WARNING- list Value Supermarket Type1 inserted
05-03-2022, 08:44:37	WARNING- Output inserted
05-03-2022, 08:44:37	WARNING- Got output 5.331575609364175
05-03-2022, 08:44:37	WARNING- Prediction Successfull!
05-03-2022, 08:44:37	INFO- 127.0.0.1 - - [05/Mar/2022 08:44:37] "POST /predict HTTP/1.1" 200 -
05-03-2022, 08:44:43	WARNING- Predict func called
05-03-2022, 08:44:43	WARNING- Got values from user
05-03-2022, 08:44:43	WARNING- Values encoded
05-03-2022, 08:44:43	WARNING- Values predicted
05-03-2022, 08:44:43	WARNING- Prediction file opened
05-03-2022, 08:44:43	WARNING- list Value OUT013 inserted
05-03-2022, 08:44:43	WARNING- list Value Low Fat inserted
05-03-2022, 08:44:43	WARNING- list Value 56.1614 inserted
05-03-2022, 08:44:43	WARNING- list Value Soft Drinks inserted
05-03-2022, 08:44:43	WARNING- list Value 0.033873 inserted
05-03-2022, 08:44:43	WARNING- list Value 1987 inserted
05-03-2022, 08:44:43	WARNING- list Value High inserted
05-03-2022, 08:44:43	WARNING- list Value Supermarket Type1 inserted
05-03-2022, 08:44:43	WARNING- Output inserted
05-03-2022, 08:44:43	WARNING- Got output 5.331575609364175
05-03-2022, 08:44:43	WARNING- Prediction Successfull!
05-03-2022, 08:44:43	INFO- 127.0.0.1 - - [05/Mar/2022 08:44:43] "POST /predict HTTP/1.1" 200 -
05-03-2022, 08:44:59	WARNING- Predict func called
05-03-2022, 08:44:59	WARNING- Got values from user
05-03-2022, 08:44:59	WARNING- Values encoded
05-03-2022, 08:44:59	WARNING- Values predicted
05-03-2022, 08:44:59	WARNING- Prediction file opened
05-03-2022, 08:44:59	WARNING- list Value OUT013 inserted
05-03-2022, 08:44:59	WARNING- list Value Low Fat inserted
05-03-2022, 08:44:59	WARNING- list Value 56.1614 inserted
05-03-2022, 08:44:59	WARNING- list Value Soft Drinks inserted
05-03-2022, 08:44:59	WARNING- list Value 0.033873 inserted
05-03-2022, 08:44:59	WARNING- list Value 1987 inserted
05-03-2022, 08:44:59	WARNING- list Value High inserted
05-03-2022, 08:44:59	WARNING- list Value Supermarket Type1 inserted
05-03-2022, 08:44:59	WARNING- Output inserted
05-03-2022, 08:44:59	WARNING- Got output 5.331575609364175
05-03-2022, 08:44:59	WARNING- Prediction Successfull!
05-03-2022, 08:44:59	INFO- 127.0.0.1 - - [05/Mar/2022 08:44:59] "POST /predict HTTP/1.1" 200 -
05-03-2022, 08:45:24	WARNING- Predict func called
05-03-2022, 08:45:24	WARNING- Got values from user
05-03-2022, 08:45:24	WARNING- Values encoded
05-03-2022, 08:45:24	WARNING- Values predicted
05-03-2022, 08:45:24	WARNING- Prediction file opened
05-03-2022, 08:45:24	WARNING- list Value OUT013 inserted
05-03-2022, 08:45:24	WARNING- list Value Low Fat inserted
05-03-2022, 08:45:24	WARNING- list Value 56.1614 inserted
05-03-2022, 08:45:24	WARNING- list Value Soft Drinks inserted
05-03-2022, 08:45:24	WARNING- list Value 0.033873 inserted
05-03-2022, 08:45:24	WARNING- list Value 1987 inserted
05-03-2022, 08:45:24	WARNING- list Value High inserted
05-03-2022, 08:45:24	WARNING- list Value Supermarket Type1 inserted
05-03-2022, 08:45:24	WARNING- Output inserted
05-03-2022, 08:45:24	WARNING- Got output 5.331575609364175
05-03-2022, 08:45:24	WARNING- Prediction Successfull!
05-03-2022, 08:45:24	INFO- 127.0.0.1 - - [05/Mar/2022 08:45:24] "POST /predict HTTP/1.1" 200 -
05-03-2022, 08:45:47	WARNING- Predict func called
05-03-2022, 08:45:47	WARNING- Got values from user
05-03-2022, 08:45:47	WARNING- Values encoded
05-03-2022, 08:45:47	WARNING- Values predicted
05-03-2022, 08:45:47	WARNING- Prediction file opened
05-03-2022, 08:45:47	WARNING- list Value OUT013 inserted
05-03-2022, 08:45:47	WARNING- list Value Low Fat inserted
05-03-2022, 08:45:47	WARNING- list Value 56.1614 inserted
05-03-2022, 08:45:47	WARNING- list Value Soft Drinks inserted
05-03-2022, 08:45:47	WARNING- list Value 0.033873 inserted
05-03-2022, 08:45:47	WARNING- list Value 1987 inserted
05-03-2022, 08:45:47	WARNING- list Value High inserted
05-03-2022, 08:45:47	WARNING- list Value Supermarket Type1 inserted
05-03-2022, 08:45:47	WARNING- Output inserted
05-03-2022, 08:45:47	WARNING- Got output 5.331575609364175
05-03-2022, 08:45:47	WARNING- Prediction Successfull!
05-03-2022, 08:45:47	INFO- 127.0.0.1 - - [05/Mar/2022 08:45:47] "POST /predict HTTP/1.1" 200 -
05-03-2022, 08:49:24	WARNING- Predict func called
05-03-2022, 08:49:24	WARNING- Got values from user
05-03-2022, 08:49:24	WARNING- Values encoded
05-03-2022, 08:49:24	WARNING- Values predicted
05-03-2022, 08:49:24	WARNING- Prediction file opened
05-03-2022, 08:49:24	WARNING- list Value OUT013 inserted
05-03-2022, 08:49:24	WARNING- list Value Low Fat inserted
05-03-2022, 08:49:24	WARNING- list Value 56.1614 inserted
05-03-2022, 08:49:24	WARNING- list Value Soft Drinks inserted
05-03-2022, 08:49:24	WARNING- list Value 0.033873 inserted
05-03-2022, 08:49:24	WARNING- list Value 1987 inserted
05-03-2022, 08:49:24	WARNING- list Value High inserted
05-03-2022, 08:49:24	WARNING- list Value Supermarket Type1 inserted
05-03-2022, 08:49:24	WARNING- Output inserted
05-03-2022, 08:49:24	WARNING- Got output 5.331575609364175
05-03-2022, 08:49:24	WARNING- Prediction Successfull!
05-03-2022, 08:49:24	INFO- 127.0.0.1 - - [05/Mar/2022 08:49:24] "POST /predict HTTP/1.1" 200 -
05-03-2022, 08:53:48	WARNING- Predict func called
05-03-2022, 08:53:48	WARNING- Got values from user
05-03-2022, 08:53:48	WARNING- Values encoded
05-03-2022, 08:53:48	WARNING- Values predicted
05-03-2022, 08:53:48	WARNING- Prediction file opened
05-03-2022, 08:53:48	WARNING- list Value OUT013 inserted
05-03-2022, 08:53:48	WARNING- list Value Low Fat inserted
05-03-2022, 08:53:48	WARNING- list Value 56.1614 inserted
05-03-2022, 08:53:48	WARNING- list Value Soft Drinks inserted
05-03-2022, 08:53:48	WARNING- list Value 0.033873 inserted
05-03-2022, 08:53:48	WARNING- list Value 1987 inserted
05-03-2022, 08:53:48	WARNING- list Value High inserted
05-03-2022, 08:53:48	WARNING- list Value Supermarket Type1 inserted
05-03-2022, 08:53:48	WARNING- Output inserted
05-03-2022, 08:53:48	WARNING- Got output 5.331575609364175
05-03-2022, 08:53:48	WARNING- Prediction Successfull!
05-03-2022, 08:53:48	INFO- 127.0.0.1 - - [05/Mar/2022 08:53:48] "POST /predict HTTP/1.1" 200 -
05-03-2022, 09:00:54	WARNING- Open Home page
05-03-2022, 09:00:54	INFO- 127.0.0.1 - - [05/Mar/2022 09:00:54] "GET / HTTP/1.1" 200 -
05-03-2022, 09:00:56	WARNING- Open Home page
05-03-2022, 09:00:56	INFO- 127.0.0.1 - - [05/Mar/2022 09:00:56] "GET / HTTP/1.1" 200 -
05-03-2022, 09:04:50	WARNING- Open Home page
05-03-2022, 09:04:50	INFO- 127.0.0.1 - - [05/Mar/2022 09:04:50] "GET / HTTP/1.1" 200 -
05-03-2022, 09:04:50	INFO- 127.0.0.1 - - [05/Mar/2022 09:04:50] "[33mGET /image/open.jpg HTTP/1.1[0m" 404 -
05-03-2022, 09:04:51	WARNING- Open Home page
05-03-2022, 09:04:51	INFO- 127.0.0.1 - - [05/Mar/2022 09:04:51] "GET / HTTP/1.1" 200 -
05-03-2022, 09:04:51	INFO- 127.0.0.1 - - [05/Mar/2022 09:04:51] "[33mGET /image/open.jpg HTTP/1.1[0m" 404 -
05-03-2022, 09:05:44	WARNING- Open Home page
05-03-2022, 09:05:44	INFO- 127.0.0.1 - - [05/Mar/2022 09:05:44] "GET / HTTP/1.1" 200 -
05-03-2022, 09:05:44	INFO- 127.0.0.1 - - [05/Mar/2022 09:05:44] "[33mGET /image/open.jpg HTTP/1.1[0m" 404 -
05-03-2022, 09:05:46	WARNING- Open Home page
05-03-2022, 09:05:46	INFO- 127.0.0.1 - - [05/Mar/2022 09:05:46] "GET / HTTP/1.1" 200 -
05-03-2022, 09:05:46	INFO- 127.0.0.1 - - [05/Mar/2022 09:05:46] "[33mGET /image/open.jpg HTTP/1.1[0m" 404 -
05-03-2022, 09:07:11	WARNING- Open Home page
05-03-2022, 09:07:11	INFO- 127.0.0.1 - - [05/Mar/2022 09:07:11] "GET / HTTP/1.1" 200 -
05-03-2022, 09:07:11	INFO- 127.0.0.1 - - [05/Mar/2022 09:07:11] "[33mGET /image/open.jpg HTTP/1.1[0m" 404 -
05-03-2022, 09:07:13	WARNING- Open Home page
05-03-2022, 09:07:13	INFO- 127.0.0.1 - - [05/Mar/2022 09:07:13] "GET / HTTP/1.1" 200 -
05-03-2022, 09:07:13	INFO- 127.0.0.1 - - [05/Mar/2022 09:07:13] "[33mGET /image/open.jpg HTTP/1.1[0m" 404 -
05-03-2022, 09:07:13	WARNING- Open Home page
05-03-2022, 09:07:13	INFO- 127.0.0.1 - - [05/Mar/2022 09:07:13] "GET / HTTP/1.1" 200 -
05-03-2022, 09:07:13	INFO- 127.0.0.1 - - [05/Mar/2022 09:07:13] "[33mGET /image/open.jpg HTTP/1.1[0m" 404 -
05-03-2022, 09:07:13	WARNING- Open Home page
05-03-2022, 09:07:13	INFO- 127.0.0.1 - - [05/Mar/2022 09:07:13] "GET / HTTP/1.1" 200 -
05-03-2022, 09:07:13	INFO- 127.0.0.1 - - [05/Mar/2022 09:07:13] "[33mGET /image/open.jpg HTTP/1.1[0m" 404 -
05-03-2022, 09:07:13	WARNING- Open Home page
05-03-2022, 09:07:13	INFO- 127.0.0.1 - - [05/Mar/2022 09:07:13] "GET / HTTP/1.1" 200 -
05-03-2022, 09:07:13	INFO- 127.0.0.1 - - [05/Mar/2022 09:07:13] "[33mGET /image/open.jpg HTTP/1.1[0m" 404 -
05-03-2022, 09:09:03	WARNING- Open Home page
05-03-2022, 09:09:03	INFO- 127.0.0.1 - - [05/Mar/2022 09:09:03] "GET / HTTP/1.1" 200 -
05-03-2022, 09:09:03	INFO- 127.0.0.1 - - [05/Mar/2022 09:09:03] "[33mGET /image/open.jpg HTTP/1.1[0m" 404 -
05-03-2022, 09:09:05	WARNING- Open Home page
05-03-2022, 09:09:05	INFO- 127.0.0.1 - - [05/Mar/2022 09:09:05] "GET / HTTP/1.1" 200 -
05-03-2022, 09:09:05	INFO- 127.0.0.1 - - [05/Mar/2022 09:09:05] "[33mGET /image/open.jpg HTTP/1.1[0m" 404 -
05-03-2022, 09:09:05	WARNING- Open Home page
05-03-2022, 09:09:05	INFO- 127.0.0.1 - - [05/Mar/2022 09:09:05] "GET / HTTP/1.1" 200 -
05-03-2022, 09:09:05	INFO- 127.0.0.1 - - [05/Mar/2022 09:09:05] "[33mGET /image/open.jpg HTTP/1.1[0m" 404 -
05-03-2022, 09:11:43	WARNING- Predict func called
05-03-2022, 09:11:43	WARNING- Got values from user
05-03-2022, 09:11:43	ERROR- There is some error!!'Choose...' is not in list
05-03-2022, 09:11:43	INFO- 127.0.0.1 - - [05/Mar/2022 09:11:43] "POST /predict HTTP/1.1" 200 -
05-03-2022, 09:14:23	WARNING- Open Home page
05-03-2022, 09:14:23	INFO- 127.0.0.1 - - [05/Mar/2022 09:14:23] "GET / HTTP/1.1" 200 -
05-03-2022, 09:15:55	WARNING- Open Home page
05-03-2022, 09:15:55	INFO- 127.0.0.1 - - [05/Mar/2022 09:15:55] "GET / HTTP/1.1" 200 -
05-03-2022, 09:16:31	WARNING- Open Home page
05-03-2022, 09:16:31	INFO- 127.0.0.1 - - [05/Mar/2022 09:16:31] "GET / HTTP/1.1" 200 -
05-03-2022, 09:19:16	WARNING- Open Home page
05-03-2022, 09:19:16	INFO- 127.0.0.1 - - [05/Mar/2022 09:19:16] "GET / HTTP/1.1" 200 -
05-03-2022, 09:20:39	WARNING- Open Home page
05-03-2022, 09:20:39	INFO- 127.0.0.1 - - [05/Mar/2022 09:20:39] "GET / HTTP/1.1" 200 -
05-03-2022, 09:37:42	WARNING- Open Home page
05-03-2022, 09:37:42	INFO- 127.0.0.1 - - [05/Mar/2022 09:37:42] "GET / HTTP/1.1" 200 -
05-03-2022, 09:38:15	WARNING- Open Home page
05-03-2022, 09:38:15	INFO- 127.0.0.1 - - [05/Mar/2022 09:38:15] "GET / HTTP/1.1" 200 -
05-03-2022, 09:38:37	WARNING- Open Home page
05-03-2022, 09:38:37	INFO- 127.0.0.1 - - [05/Mar/2022 09:38:37] "GET / HTTP/1.1" 200 -
05-03-2022, 09:38:38	WARNING- Open Home page
05-03-2022, 09:38:38	INFO- 127.0.0.1 - - [05/Mar/2022 09:38:38] "GET / HTTP/1.1" 200 -
05-03-2022, 09:38:42	WARNING- Open Home page
05-03-2022, 09:38:42	INFO- 127.0.0.1 - - [05/Mar/2022 09:38:42] "GET / HTTP/1.1" 200 -
05-03-2022, 09:39:34	WARNING- Open Home page
05-03-2022, 09:39:34	INFO- 127.0.0.1 - - [05/Mar/2022 09:39:34] "GET / HTTP/1.1" 200 -
05-03-2022, 09:41:37	WARNING- Open Home page
05-03-2022, 09:41:37	INFO- 127.0.0.1 - - [05/Mar/2022 09:41:37] "GET / HTTP/1.1" 200 -
05-03-2022, 09:41:55	WARNING- Open Home page
05-03-2022, 09:41:55	INFO- 127.0.0.1 - - [05/Mar/2022 09:41:55] "GET / HTTP/1.1" 200 -
05-03-2022, 09:42:44	WARNING- Open Home page
05-03-2022, 09:42:44	INFO- 127.0.0.1 - - [05/Mar/2022 09:42:44] "GET / HTTP/1.1" 200 -
05-03-2022, 09:43:16	WARNING- Open Home page
05-03-2022, 09:43:16	INFO- 127.0.0.1 - - [05/Mar/2022 09:43:16] "GET / HTTP/1.1" 200 -
05-03-2022, 09:43:46	WARNING- Open Home page
05-03-2022, 09:43:46	INFO- 127.0.0.1 - - [05/Mar/2022 09:43:46] "GET / HTTP/1.1" 200 -
05-03-2022, 09:45:52	WARNING- Open Home page
05-03-2022, 09:45:52	INFO- 127.0.0.1 - - [05/Mar/2022 09:45:52] "GET / HTTP/1.1" 200 -
05-03-2022, 09:46:47	WARNING- Open Home page
05-03-2022, 09:46:47	INFO- 127.0.0.1 - - [05/Mar/2022 09:46:47] "GET / HTTP/1.1" 200 -
05-03-2022, 09:47:58	WARNING- Open Home page
05-03-2022, 09:47:58	INFO- 127.0.0.1 - - [05/Mar/2022 09:47:58] "GET / HTTP/1.1" 200 -
05-03-2022, 09:48:47	WARNING- Open Home page
05-03-2022, 09:48:47	INFO- 127.0.0.1 - - [05/Mar/2022 09:48:47] "GET / HTTP/1.1" 200 -
05-03-2022, 09:49:26	INFO- 127.0.0.1 - - [05/Mar/2022 09:49:26] "GET /about HTTP/1.1" 200 -
05-03-2022, 09:49:31	WARNING- Open Home page
05-03-2022, 09:49:31	INFO- 127.0.0.1 - - [05/Mar/2022 09:49:31] "GET / HTTP/1.1" 200 -
05-03-2022, 09:50:07	WARNING- Open Home page
05-03-2022, 09:50:07	INFO- 127.0.0.1 - - [05/Mar/2022 09:50:07] "GET / HTTP/1.1" 200 -
05-03-2022, 09:51:27	WARNING- Open Home page
05-03-2022, 09:51:27	INFO- 127.0.0.1 - - [05/Mar/2022 09:51:27] "GET / HTTP/1.1" 200 -
05-03-2022, 10:51:35	INFO- 127.0.0.1 - - [05/Mar/2022 10:51:35] "GET /about HTTP/1.1" 200 -
05-03-2022, 11:45:20	WARNING- Predict func called
05-03-2022, 11:45:20	WARNING- Got values from user
05-03-2022, 11:45:20	WARNING- Values encoded
05-03-2022, 11:45:20	WARNING- Values predicted
05-03-2022, 11:45:20	WARNING- Prediction file opened
05-03-2022, 11:45:20	WARNING- list Value OUT013 inserted
05-03-2022, 11:45:20	WARNING- list Value Low Fat inserted
05-03-2022, 11:45:20	WARNING- list Value 40.5 inserted
05-03-2022, 11:45:20	WARNING- list Value Starchy Foods inserted
05-03-2022, 11:45:20	WARNING- list Value 5.6 inserted
05-03-2022, 11:45:20	WARNING- list Value 2002 inserted
05-03-2022, 11:45:20	WARNING- list Value High inserted
05-03-2022, 11:45:20	WARNING- list Value Grocery Store inserted
05-03-2022, 11:45:20	WARNING- Output inserted
05-03-2022, 11:45:20	WARNING- Got output 3.009177988815877
05-03-2022, 11:45:20	WARNING- Prediction Successfull!
05-03-2022, 11:45:20	INFO- 127.0.0.1 - - [05/Mar/2022 11:45:20] "POST /predict HTTP/1.1" 200 -
05-03-2022, 12:02:44	INFO- 127.0.0.1 - - [05/Mar/2022 12:02:44] "GET /about HTTP/1.1" 200 -
05-03-2022, 13:56:23	WARNING- Open Home page
05-03-2022, 13:56:23	INFO- 127.0.0.1 - - [05/Mar/2022 13:56:23] "GET / HTTP/1.1" 200 -
05-03-2022, 14:00:35	WARNING- Predict func called
05-03-2022, 14:00:35	WARNING- Got values from user
05-03-2022, 14:00:35	WARNING- Values encoded
05-03-2022, 14:00:35	WARNING- Values predicted
05-03-2022, 14:00:35	WARNING- Prediction file opened
05-03-2022, 14:00:35	WARNING- list Value OUT010 inserted
05-03-2022, 14:00:35	WARNING- list Value Regular inserted
05-03-2022, 14:00:35	WARNING- list Value 456.99 inserted
05-03-2022, 14:00:35	WARNING- list Value Fruits and Vegetables inserted
05-03-2022, 14:00:35	WARNING- list Value 3.4 inserted
05-03-2022, 14:00:35	WARNING- list Value 1987 inserted
05-03-2022, 14:00:35	WARNING- list Value Medium inserted
05-03-2022, 14:00:35	WARNING- list Value Grocery Store inserted
05-03-2022, 14:00:35	WARNING- Output inserted
05-03-2022, 14:00:35	WARNING- Got output 4.9978460833123055
05-03-2022, 14:00:35	WARNING- Prediction Successfull!
05-03-2022, 14:00:35	INFO- 127.0.0.1 - - [05/Mar/2022 14:00:35] "POST /predict HTTP/1.1" 200 -
05-03-2022, 14:07:24	INFO- 127.0.0.1 - - [05/Mar/2022 14:07:24] "GET /about HTTP/1.1" 200 -
05-03-2022, 14:15:33	WARNING- Predict func called
05-03-2022, 14:15:33	WARNING- Got values from user
05-03-2022, 14:15:33	WARNING- Values encoded
05-03-2022, 14:15:33	WARNING- Values predicted
05-03-2022, 14:15:33	WARNING- Prediction file opened
05-03-2022, 14:15:33	WARNING- list Value OUT010 inserted
05-03-2022, 14:15:33	WARNING- list Value Regular inserted
05-03-2022, 14:15:33	WARNING- list Value 456.99 inserted
05-03-2022, 14:15:33	WARNING- list Value Fruits and Vegetables inserted
05-03-2022, 14:15:33	WARNING- list Value 3.4 inserted
05-03-2022, 14:15:33	WARNING- list Value 1987 inserted
05-03-2022, 14:15:33	WARNING- list Value Medium inserted
05-03-2022, 14:15:33	WARNING- list Value Grocery Store inserted
05-03-2022, 14:15:33	WARNING- Output inserted
05-03-2022, 14:15:33	WARNING- Got output 4.9978460833123055
05-03-2022, 14:15:33	WARNING- Prediction Successfull!
05-03-2022, 14:15:33	INFO- 127.0.0.1 - - [05/Mar/2022 14:15:33] "POST /predict HTTP/1.1" 200 -
05-03-2022, 14:18:35	WARNING- Predict func called
05-03-2022, 14:18:35	WARNING- Got values from user
05-03-2022, 14:18:35	WARNING- Values encoded
05-03-2022, 14:18:35	WARNING- Values predicted
05-03-2022, 14:18:35	WARNING- Prediction file opened
05-03-2022, 14:18:35	WARNING- list Value OUT010 inserted
05-03-2022, 14:18:35	WARNING- list Value Regular inserted
05-03-2022, 14:18:35	WARNING- list Value 456.99 inserted
05-03-2022, 14:18:35	WARNING- list Value Fruits and Vegetables inserted
05-03-2022, 14:18:35	WARNING- list Value 3.4 inserted
05-03-2022, 14:18:35	WARNING- list Value 1987 inserted
05-03-2022, 14:18:35	WARNING- list Value Medium inserted
05-03-2022, 14:18:35	WARNING- list Value Grocery Store inserted
05-03-2022, 14:18:35	WARNING- Output inserted
05-03-2022, 14:18:35	WARNING- Got output 4.9978460833123055
05-03-2022, 14:18:35	WARNING- Prediction Successfull!
05-03-2022, 14:18:35	INFO- 127.0.0.1 - - [05/Mar/2022 14:18:35] "POST /predict HTTP/1.1" 200 -
05-03-2022, 14:18:39	WARNING- Open Home page
05-03-2022, 14:18:39	INFO- 127.0.0.1 - - [05/Mar/2022 14:18:39] "GET / HTTP/1.1" 200 -
05-03-2022, 14:19:38	WARNING- Predict func called
05-03-2022, 14:19:38	WARNING- Got values from user
05-03-2022, 14:19:38	WARNING- Values encoded
05-03-2022, 14:19:38	WARNING- Values predicted
05-03-2022, 14:19:38	WARNING- Prediction file opened
05-03-2022, 14:19:38	WARNING- list Value OUT010 inserted
05-03-2022, 14:19:38	WARNING- list Value Regular inserted
05-03-2022, 14:19:38	WARNING- list Value 456.99 inserted
05-03-2022, 14:19:38	WARNING- list Value Fruits and Vegetables inserted
05-03-2022, 14:19:38	WARNING- list Value 3.4 inserted
05-03-2022, 14:19:38	WARNING- list Value 1987 inserted
05-03-2022, 14:19:38	WARNING- list Value Medium inserted
05-03-2022, 14:19:38	WARNING- list Value Grocery Store inserted
05-03-2022, 14:19:38	WARNING- Output inserted
05-03-2022, 14:19:38	WARNING- Got output 4.9978460833123055
05-03-2022, 14:19:38	WARNING- Prediction Successfull!
05-03-2022, 14:19:38	INFO- 127.0.0.1 - - [05/Mar/2022 14:19:38] "POST /predict HTTP/1.1" 200 -
05-03-2022, 14:21:23	WARNING- Open Home page
05-03-2022, 14:21:23	INFO- 127.0.0.1 - - [05/Mar/2022 14:21:23] "GET / HTTP/1.1" 200 -
05-03-2022, 14:21:28	INFO- 127.0.0.1 - - [05/Mar/2022 14:21:28] "GET /about HTTP/1.1" 200 -
05-03-2022, 14:21:32	WARNING- Open Home page
05-03-2022, 14:21:32	INFO- 127.0.0.1 - - [05/Mar/2022 14:21:32] "GET / HTTP/1.1" 200 -
05-03-2022, 14:21:54	WARNING- Predict func called
05-03-2022, 14:21:54	WARNING- Got values from user
05-03-2022, 14:21:54	WARNING- Values encoded
05-03-2022, 14:21:54	WARNING- Values predicted
05-03-2022, 14:21:54	WARNING- Prediction file opened
05-03-2022, 14:21:54	WARNING- list Value OUT018 inserted
05-03-2022, 14:21:54	WARNING- list Value Low Fat inserted
05-03-2022, 14:21:54	WARNING- list Value 353 inserted
05-03-2022, 14:21:54	WARNING- list Value Canned inserted
05-03-2022, 14:21:54	WARNING- list Value 2 inserted
05-03-2022, 14:21:54	WARNING- list Value 1987 inserted
05-03-2022, 14:21:54	WARNING- list Value High inserted
05-03-2022, 14:21:54	WARNING- list Value Grocery Store inserted
05-03-2022, 14:21:54	WARNING- Output inserted
05-03-2022, 14:21:54	WARNING- Got output 5.000585104741092
05-03-2022, 14:21:54	WARNING- Prediction Successfull!
05-03-2022, 14:21:54	INFO- 127.0.0.1 - - [05/Mar/2022 14:21:54] "POST /predict HTTP/1.1" 200 -
05-03-2022, 14:23:04	WARNING- Predict func called
05-03-2022, 14:23:04	WARNING- Got values from user
05-03-2022, 14:23:04	WARNING- Values encoded
05-03-2022, 14:23:04	WARNING- Values predicted
05-03-2022, 14:23:04	WARNING- Prediction file opened
05-03-2022, 14:23:04	WARNING- list Value OUT018 inserted
05-03-2022, 14:23:04	WARNING- list Value Low Fat inserted
05-03-2022, 14:23:04	WARNING- list Value 353 inserted
05-03-2022, 14:23:04	WARNING- list Value Canned inserted
05-03-2022, 14:23:04	WARNING- list Value 2 inserted
05-03-2022, 14:23:04	WARNING- list Value 1987 inserted
05-03-2022, 14:23:04	WARNING- list Value High inserted
05-03-2022, 14:23:04	WARNING- list Value Grocery Store inserted
05-03-2022, 14:23:04	WARNING- Output inserted
05-03-2022, 14:23:04	WARNING- Got output 5.000585104741092
05-03-2022, 14:23:04	WARNING- Prediction Successfull!
05-03-2022, 14:23:04	INFO- 127.0.0.1 - - [05/Mar/2022 14:23:04] "POST /predict HTTP/1.1" 200 -
05-03-2022, 16:27:22	WARNING- Open Home page
05-03-2022, 16:27:22	INFO- 127.0.0.1 - - [05/Mar/2022 16:27:22] "GET / HTTP/1.1" 200 -
